[2022-10-16 10:25:58.372] [exthost] [info] Extension host with pid 2968 started
[2022-10-16 10:25:58.437] [exthost] [info] Lock '/var/lib/odoo/.vscode-server/data/User/workspaceStorage/e954bc60b36f91d5b4b8f218a421c0bd/vscode.lock': Lock acquired.
[2022-10-16 10:25:58.476] [exthost] [info] ExtensionService#_doActivateExtension vscode.debug-auto-launch, startup: true, activationEvent: '*'
[2022-10-16 10:25:58.503] [exthost] [info] ExtensionService#_doActivateExtension vscode.git-base, startup: true, activationEvent: '*'
[2022-10-16 10:25:58.530] [exthost] [info] ExtensionService#_doActivateExtension vscode.ipynb, startup: true, activationEvent: '*'
[2022-10-16 10:25:59.016] [exthost] [info] ExtensionService#_doActivateExtension vscode.github, startup: true, activationEvent: '*'
[2022-10-16 10:25:59.181] [exthost] [info] ExtensionService#_doActivateExtension vscode.git, startup: false, activationEvent: 'api', root cause: vscode.github
[2022-10-16 10:25:59.391] [exthost] [info] ExtensionService#_doActivateExtension vscode.emmet, startup: false, activationEvent: 'onStartupFinished'
[2022-10-16 10:25:59.441] [exthost] [info] ExtensionService#_doActivateExtension vscode.merge-conflict, startup: false, activationEvent: 'onStartupFinished'
[2022-10-16 10:25:59.457] [exthost] [info] Eager extensions activated
[2022-10-16 10:26:00.570] [exthost] [warning] [Decorations] CAPPING events from decorations provider vscode.git 2065
[2022-10-16 10:26:01.316] [exthost] [warning] [Decorations] CAPPING events from decorations provider vscode.git 2066
[2022-10-16 10:26:04.086] [exthost] [warning] [Decorations] CAPPING events from decorations provider vscode.git 2066
[2022-10-16 10:26:09.218] [exthost] [warning] [Decorations] CAPPING events from decorations provider vscode.git 2066
[2022-10-16 10:26:14.348] [exthost] [warning] [Decorations] CAPPING events from decorations provider vscode.git 2066
[2022-10-16 10:26:19.517] [exthost] [warning] [Decorations] CAPPING events from decorations provider vscode.git 2066
[2022-10-16 10:26:24.628] [exthost] [warning] [Decorations] CAPPING events from decorations provider vscode.git 2066
[2022-10-16 10:26:29.795] [exthost] [warning] [Decorations] CAPPING events from decorations provider vscode.git 2066
[2022-10-16 10:29:29.840] [exthost] [warning] [Decorations] CAPPING events from decorations provider vscode.git 2066
[2022-10-16 10:29:35.002] [exthost] [warning] [Decorations] CAPPING events from decorations provider vscode.git 2066
[2022-10-16 10:33:56.951] [exthost] [warning] [Decorations] CAPPING events from decorations provider vscode.git 2084
[2022-10-16 10:34:02.074] [exthost] [warning] [Decorations] CAPPING events from decorations provider vscode.git 2083
[2022-10-16 10:34:07.626] [exthost] [warning] [Decorations] CAPPING events from decorations provider vscode.git 2083
[2022-10-16 10:34:59.609] [exthost] [warning] [Decorations] CAPPING events from decorations provider vscode.git 2083
[2022-10-16 10:35:05.080] [exthost] [warning] [Decorations] CAPPING events from decorations provider vscode.git 2083
[2022-10-16 10:35:33.867] [exthost] [warning] [Decorations] CAPPING events from decorations provider vscode.git 2083
[2022-10-16 10:35:38.989] [exthost] [warning] [Decorations] CAPPING events from decorations provider vscode.git 2083
[2022-10-16 10:35:44.165] [exthost] [warning] [Decorations] CAPPING events from decorations provider vscode.git 2083
[2022-10-16 10:35:49.266] [exthost] [warning] [Decorations] CAPPING events from decorations provider vscode.git 2083
[2022-10-16 10:36:12.747] [exthost] [warning] [Decorations] CAPPING events from decorations provider vscode.git 2083
[2022-10-16 10:36:17.863] [exthost] [warning] [Decorations] CAPPING events from decorations provider vscode.git 2083
[2022-10-16 10:36:22.988] [exthost] [warning] [Decorations] CAPPING events from decorations provider vscode.git 2083
[2022-10-16 10:36:28.183] [exthost] [warning] [Decorations] CAPPING events from decorations provider vscode.git 2083
[2022-10-16 10:36:33.324] [exthost] [warning] [Decorations] CAPPING events from decorations provider vscode.git 2083
[2022-10-16 10:36:38.494] [exthost] [warning] [Decorations] CAPPING events from decorations provider vscode.git 2083
[2022-10-16 10:36:43.646] [exthost] [warning] [Decorations] CAPPING events from decorations provider vscode.git 2083
[2022-10-16 10:37:09.322] [exthost] [warning] [Decorations] CAPPING events from decorations provider vscode.git 2083
[2022-10-16 10:37:14.440] [exthost] [warning] [Decorations] CAPPING events from decorations provider vscode.git 2083
[2022-10-16 10:37:19.564] [exthost] [warning] [Decorations] CAPPING events from decorations provider vscode.git 2083
[2022-10-16 10:37:24.692] [exthost] [warning] [Decorations] CAPPING events from decorations provider vscode.git 2083
[2022-10-16 10:37:29.854] [exthost] [warning] [Decorations] CAPPING events from decorations provider vscode.git 2083
[2022-10-16 10:37:52.839] [exthost] [warning] [Decorations] CAPPING events from decorations provider vscode.git 2083
[2022-10-16 10:39:11.090] [exthost] [warning] [Decorations] CAPPING events from decorations provider vscode.git 2083
[2022-10-16 10:39:16.212] [exthost] [warning] [Decorations] CAPPING events from decorations provider vscode.git 2083
[2022-10-16 10:39:21.328] [exthost] [warning] [Decorations] CAPPING events from decorations provider vscode.git 2083
[2022-10-16 10:39:26.508] [exthost] [warning] [Decorations] CAPPING events from decorations provider vscode.git 2083
[2022-10-16 10:39:31.661] [exthost] [warning] [Decorations] CAPPING events from decorations provider vscode.git 2083
[2022-10-16 10:39:36.844] [exthost] [warning] [Decorations] CAPPING events from decorations provider vscode.git 2083
[2022-10-16 10:39:41.998] [exthost] [warning] [Decorations] CAPPING events from decorations provider vscode.git 2083
[2022-10-16 10:39:47.241] [exthost] [warning] [Decorations] CAPPING events from decorations provider vscode.git 2083
[2022-10-16 10:39:52.461] [exthost] [warning] [Decorations] CAPPING events from decorations provider vscode.git 2083
[2022-10-16 10:39:57.652] [exthost] [warning] [Decorations] CAPPING events from decorations provider vscode.git 2083
[2022-10-16 10:40:04.332] [exthost] [warning] [Decorations] CAPPING events from decorations provider vscode.git 2083
[2022-10-16 10:40:09.500] [exthost] [warning] [Decorations] CAPPING events from decorations provider vscode.git 2083
[2022-10-16 10:40:14.693] [exthost] [warning] [Decorations] CAPPING events from decorations provider vscode.git 2083
[2022-10-16 10:40:19.784] [exthost] [warning] [Decorations] CAPPING events from decorations provider vscode.git 2083
[2022-10-16 12:03:49.814] [exthost] [info] ExtensionService#_doActivateExtension HookyQR.beautify, startup: false, activationEvent: '*'
[2022-10-16 12:03:53.560] [exthost] [warning] [Decorations] CAPPING events from decorations provider vscode.git 347
[2022-10-16 12:03:58.697] [exthost] [warning] [Decorations] CAPPING events from decorations provider vscode.git 347
[2022-10-16 12:04:03.799] [exthost] [warning] [Decorations] CAPPING events from decorations provider vscode.git 347
[2022-10-16 12:04:08.901] [exthost] [warning] [Decorations] CAPPING events from decorations provider vscode.git 347
[2022-10-16 12:04:13.987] [exthost] [warning] [Decorations] CAPPING events from decorations provider vscode.git 347
[2022-10-16 12:04:19.089] [exthost] [warning] [Decorations] CAPPING events from decorations provider vscode.git 347
[2022-10-16 12:04:24.187] [exthost] [warning] [Decorations] CAPPING events from decorations provider vscode.git 347
[2022-10-16 12:04:29.302] [exthost] [warning] [Decorations] CAPPING events from decorations provider vscode.git 349
[2022-10-16 12:04:34.404] [exthost] [warning] [Decorations] CAPPING events from decorations provider vscode.git 349
[2022-10-16 12:04:39.501] [exthost] [warning] [Decorations] CAPPING events from decorations provider vscode.git 349
[2022-10-16 12:04:44.604] [exthost] [warning] [Decorations] CAPPING events from decorations provider vscode.git 349
[2022-10-16 12:04:49.732] [exthost] [warning] [Decorations] CAPPING events from decorations provider vscode.git 349
[2022-10-16 12:04:54.821] [exthost] [warning] [Decorations] CAPPING events from decorations provider vscode.git 349
[2022-10-16 12:04:59.910] [exthost] [warning] [Decorations] CAPPING events from decorations provider vscode.git 349
[2022-10-16 12:05:04.993] [exthost] [warning] [Decorations] CAPPING events from decorations provider vscode.git 349
[2022-10-16 12:05:14.762] [exthost] [warning] [Decorations] CAPPING events from decorations provider vscode.git 349
[2022-10-16 12:05:19.846] [exthost] [warning] [Decorations] CAPPING events from decorations provider vscode.git 349
[2022-10-16 12:05:24.957] [exthost] [warning] [Decorations] CAPPING events from decorations provider vscode.git 349
[2022-10-16 12:05:30.053] [exthost] [warning] [Decorations] CAPPING events from decorations provider vscode.git 349
[2022-10-16 12:05:35.160] [exthost] [warning] [Decorations] CAPPING events from decorations provider vscode.git 349
[2022-10-16 12:05:40.270] [exthost] [warning] [Decorations] CAPPING events from decorations provider vscode.git 349
[2022-10-16 12:05:45.357] [exthost] [warning] [Decorations] CAPPING events from decorations provider vscode.git 349
[2022-10-16 12:05:50.457] [exthost] [warning] [Decorations] CAPPING events from decorations provider vscode.git 349
[2022-10-16 12:05:55.553] [exthost] [warning] [Decorations] CAPPING events from decorations provider vscode.git 349
[2022-10-16 12:06:00.650] [exthost] [warning] [Decorations] CAPPING events from decorations provider vscode.git 349
[2022-10-16 12:06:05.737] [exthost] [warning] [Decorations] CAPPING events from decorations provider vscode.git 349
[2022-10-16 12:06:10.829] [exthost] [warning] [Decorations] CAPPING events from decorations provider vscode.git 349
[2022-10-16 12:06:15.911] [exthost] [warning] [Decorations] CAPPING events from decorations provider vscode.git 349
[2022-10-16 12:06:21.006] [exthost] [warning] [Decorations] CAPPING events from decorations provider vscode.git 349
[2022-10-16 12:06:26.099] [exthost] [warning] [Decorations] CAPPING events from decorations provider vscode.git 349
[2022-10-16 12:06:43.813] [exthost] [warning] [Decorations] CAPPING events from decorations provider vscode.git 349
[2022-10-16 12:06:48.909] [exthost] [warning] [Decorations] CAPPING events from decorations provider vscode.git 349
[2022-10-16 12:06:54.002] [exthost] [warning] [Decorations] CAPPING events from decorations provider vscode.git 349
[2022-10-16 12:06:59.101] [exthost] [warning] [Decorations] CAPPING events from decorations provider vscode.git 349
[2022-10-16 12:07:59.219] [exthost] [warning] [Decorations] CAPPING events from decorations provider vscode.git 349
[2022-10-16 12:08:04.301] [exthost] [warning] [Decorations] CAPPING events from decorations provider vscode.git 349
[2022-10-16 12:08:09.418] [exthost] [warning] [Decorations] CAPPING events from decorations provider vscode.git 349
[2022-10-16 12:08:14.498] [exthost] [warning] [Decorations] CAPPING events from decorations provider vscode.git 349
[2022-10-16 12:08:19.580] [exthost] [warning] [Decorations] CAPPING events from decorations provider vscode.git 349
[2022-10-16 12:08:24.663] [exthost] [warning] [Decorations] CAPPING events from decorations provider vscode.git 350
[2022-10-16 12:08:29.804] [exthost] [warning] [Decorations] CAPPING events from decorations provider vscode.git 350
[2022-10-16 12:08:34.883] [exthost] [warning] [Decorations] CAPPING events from decorations provider vscode.git 350
[2022-10-16 12:08:39.971] [exthost] [warning] [Decorations] CAPPING events from decorations provider vscode.git 350
[2022-10-16 12:08:45.054] [exthost] [warning] [Decorations] CAPPING events from decorations provider vscode.git 351
[2022-10-16 12:08:50.136] [exthost] [warning] [Decorations] CAPPING events from decorations provider vscode.git 350
[2022-10-16 12:08:55.231] [exthost] [warning] [Decorations] CAPPING events from decorations provider vscode.git 350
[2022-10-16 12:09:00.328] [exthost] [warning] [Decorations] CAPPING events from decorations provider vscode.git 350
[2022-10-16 12:09:05.415] [exthost] [warning] [Decorations] CAPPING events from decorations provider vscode.git 350
[2022-10-16 12:09:10.512] [exthost] [warning] [Decorations] CAPPING events from decorations provider vscode.git 350
[2022-10-16 12:09:15.596] [exthost] [warning] [Decorations] CAPPING events from decorations provider vscode.git 350
[2022-10-16 12:09:20.679] [exthost] [warning] [Decorations] CAPPING events from decorations provider vscode.git 350
[2022-10-16 12:11:08.523] [exthost] [warning] [Decorations] CAPPING events from decorations provider vscode.git 350
[2022-10-16 12:11:13.607] [exthost] [warning] [Decorations] CAPPING events from decorations provider vscode.git 350
[2022-10-16 12:11:21.319] [exthost] [warning] [Decorations] CAPPING events from decorations provider vscode.git 350
[2022-10-16 12:11:26.408] [exthost] [warning] [Decorations] CAPPING events from decorations provider vscode.git 350
[2022-10-16 12:11:31.549] [exthost] [warning] [Decorations] CAPPING events from decorations provider vscode.git 350
[2022-10-16 12:11:36.634] [exthost] [warning] [Decorations] CAPPING events from decorations provider vscode.git 350
[2022-10-16 12:11:41.737] [exthost] [warning] [Decorations] CAPPING events from decorations provider vscode.git 350
[2022-10-16 12:11:46.822] [exthost] [warning] [Decorations] CAPPING events from decorations provider vscode.git 351
[2022-10-16 12:11:51.913] [exthost] [warning] [Decorations] CAPPING events from decorations provider vscode.git 351
[2022-10-16 12:11:57.067] [exthost] [warning] [Decorations] CAPPING events from decorations provider vscode.git 351
[2022-10-16 12:12:02.159] [exthost] [warning] [Decorations] CAPPING events from decorations provider vscode.git 351
[2022-10-16 12:12:07.239] [exthost] [warning] [Decorations] CAPPING events from decorations provider vscode.git 351
[2022-10-16 12:12:14.832] [exthost] [warning] [Decorations] CAPPING events from decorations provider vscode.git 351
[2022-10-16 12:12:19.921] [exthost] [warning] [Decorations] CAPPING events from decorations provider vscode.git 351
[2022-10-16 12:12:25.003] [exthost] [warning] [Decorations] CAPPING events from decorations provider vscode.git 352
[2022-10-16 12:12:30.090] [exthost] [warning] [Decorations] CAPPING events from decorations provider vscode.git 352
[2022-10-16 12:12:35.184] [exthost] [warning] [Decorations] CAPPING events from decorations provider vscode.git 352
[2022-10-16 12:15:11.594] [exthost] [warning] [Decorations] CAPPING events from decorations provider vscode.git 354
[2022-10-16 12:15:16.680] [exthost] [warning] [Decorations] CAPPING events from decorations provider vscode.git 354
[2022-10-16 12:15:21.796] [exthost] [warning] [Decorations] CAPPING events from decorations provider vscode.git 354
[2022-10-16 12:15:26.884] [exthost] [warning] [Decorations] CAPPING events from decorations provider vscode.git 354
[2022-10-16 12:15:31.969] [exthost] [warning] [Decorations] CAPPING events from decorations provider vscode.git 354
[2022-10-16 12:15:37.058] [exthost] [warning] [Decorations] CAPPING events from decorations provider vscode.git 354
[2022-10-16 12:15:42.146] [exthost] [warning] [Decorations] CAPPING events from decorations provider vscode.git 354
[2022-10-16 12:15:47.271] [exthost] [warning] [Decorations] CAPPING events from decorations provider vscode.git 354
[2022-10-16 12:15:52.352] [exthost] [warning] [Decorations] CAPPING events from decorations provider vscode.git 354
[2022-10-16 12:15:57.442] [exthost] [warning] [Decorations] CAPPING events from decorations provider vscode.git 354
[2022-10-16 12:16:02.530] [exthost] [warning] [Decorations] CAPPING events from decorations provider vscode.git 354
[2022-10-16 12:16:07.662] [exthost] [warning] [Decorations] CAPPING events from decorations provider vscode.git 354
[2022-10-16 12:16:12.781] [exthost] [warning] [Decorations] CAPPING events from decorations provider vscode.git 354
[2022-10-16 12:16:25.250] [exthost] [warning] [Decorations] CAPPING events from decorations provider vscode.git 354
[2022-10-16 12:16:30.326] [exthost] [warning] [Decorations] CAPPING events from decorations provider vscode.git 354
[2022-10-16 12:16:35.415] [exthost] [warning] [Decorations] CAPPING events from decorations provider vscode.git 354
[2022-10-16 12:16:40.507] [exthost] [warning] [Decorations] CAPPING events from decorations provider vscode.git 354
[2022-10-16 12:16:45.592] [exthost] [warning] [Decorations] CAPPING events from decorations provider vscode.git 355
[2022-10-16 12:16:50.675] [exthost] [warning] [Decorations] CAPPING events from decorations provider vscode.git 355
[2022-10-16 12:17:53.529] [exthost] [warning] [Decorations] CAPPING events from decorations provider vscode.git 355
[2022-10-16 12:17:58.621] [exthost] [warning] [Decorations] CAPPING events from decorations provider vscode.git 355
[2022-10-16 12:18:03.704] [exthost] [warning] [Decorations] CAPPING events from decorations provider vscode.git 355
[2022-10-16 12:18:08.788] [exthost] [warning] [Decorations] CAPPING events from decorations provider vscode.git 355
[2022-10-16 12:18:13.918] [exthost] [warning] [Decorations] CAPPING events from decorations provider vscode.git 355
[2022-10-16 12:18:19.019] [exthost] [warning] [Decorations] CAPPING events from decorations provider vscode.git 355
[2022-10-16 12:18:24.645] [exthost] [warning] [Decorations] CAPPING events from decorations provider vscode.git 355
[2022-10-16 12:18:29.740] [exthost] [warning] [Decorations] CAPPING events from decorations provider vscode.git 355
[2022-10-16 12:18:34.831] [exthost] [warning] [Decorations] CAPPING events from decorations provider vscode.git 355
[2022-10-16 12:18:39.962] [exthost] [warning] [Decorations] CAPPING events from decorations provider vscode.git 355
[2022-10-16 12:18:45.074] [exthost] [warning] [Decorations] CAPPING events from decorations provider vscode.git 355
[2022-10-16 12:18:50.166] [exthost] [warning] [Decorations] CAPPING events from decorations provider vscode.git 355
[2022-10-16 12:18:55.258] [exthost] [warning] [Decorations] CAPPING events from decorations provider vscode.git 355
[2022-10-16 12:19:00.348] [exthost] [warning] [Decorations] CAPPING events from decorations provider vscode.git 355
[2022-10-16 12:19:05.476] [exthost] [warning] [Decorations] CAPPING events from decorations provider vscode.git 355
[2022-10-16 12:19:10.573] [exthost] [warning] [Decorations] CAPPING events from decorations provider vscode.git 355
[2022-10-16 12:19:15.664] [exthost] [warning] [Decorations] CAPPING events from decorations provider vscode.git 355
[2022-10-16 12:19:20.752] [exthost] [warning] [Decorations] CAPPING events from decorations provider vscode.git 355
