[2022-10-16T10:25:59.480Z] Log level: Info
[2022-10-16T10:25:59.495Z] [info] Validating found git in: git
[2022-10-16T10:25:59.713Z] [info] Using git 2.25.1 from git
[2022-10-16T10:25:59.774Z] > git rev-parse --show-toplevel [19ms]
[2022-10-16T10:25:59.811Z] > git rev-parse --git-dir --git-common-dir [6ms]
[2022-10-16T10:25:59.846Z] [info] Open repository: /var/lib/odoo
[2022-10-16T10:26:00.347Z] > git status -z -uall [476ms]
[2022-10-16T10:26:00.424Z] > git symbolic-ref --short HEAD [46ms]
[2022-10-16T10:26:00.438Z] > git for-each-ref --format=%(refname)%00%(upstream:short)%00%(objectname)%00%(upstream:track)%00%(upstream:remotename)%00%(upstream:remoteref) refs/heads/master refs/remotes/master [9ms]
[2022-10-16T10:26:00.465Z] > git for-each-ref --sort -committerdate --format %(refname) %(objectname) %(*objectname) [21ms]
[2022-10-16T10:26:00.469Z] > git remote --verbose [12ms]
[2022-10-16T10:26:01.140Z] > git check-ignore -v -z --stdin [544ms]
[2022-10-16T10:26:01.141Z] > git config --get commit.template [532ms]
[2022-10-16T10:26:01.220Z] > git status -z -uall [70ms]
[2022-10-16T10:26:01.228Z] > git symbolic-ref --short HEAD [3ms]
[2022-10-16T10:26:01.245Z] > git for-each-ref --format=%(refname)%00%(upstream:short)%00%(objectname)%00%(upstream:track)%00%(upstream:remotename)%00%(upstream:remoteref) refs/heads/master refs/remotes/master [8ms]
[2022-10-16T10:26:01.258Z] > git for-each-ref --sort -committerdate --format %(refname) %(objectname) %(*objectname) [7ms]
[2022-10-16T10:26:01.261Z] > git remote --verbose [4ms]
[2022-10-16T10:26:01.342Z] > git config --get commit.template [5ms]
[2022-10-16T10:26:04.026Z] > git status -z -uall [30ms]
[2022-10-16T10:26:04.035Z] > git symbolic-ref --short HEAD [3ms]
[2022-10-16T10:26:04.046Z] > git for-each-ref --format=%(refname)%00%(upstream:short)%00%(objectname)%00%(upstream:track)%00%(upstream:remotename)%00%(upstream:remoteref) refs/heads/master refs/remotes/master [5ms]
[2022-10-16T10:26:04.058Z] > git for-each-ref --sort -committerdate --format %(refname) %(objectname) %(*objectname) [7ms]
[2022-10-16T10:26:04.061Z] > git remote --verbose [4ms]
[2022-10-16T10:26:04.114Z] > git config --get commit.template [14ms]
[2022-10-16T10:26:06.568Z] > git check-ignore -v -z --stdin [3ms]
[2022-10-16T10:26:08.957Z] > git check-ignore -v -z --stdin [3ms]
[2022-10-16T10:26:09.162Z] > git status -z -uall [29ms]
[2022-10-16T10:26:09.171Z] > git symbolic-ref --short HEAD [3ms]
[2022-10-16T10:26:09.179Z] > git for-each-ref --format=%(refname)%00%(upstream:short)%00%(objectname)%00%(upstream:track)%00%(upstream:remotename)%00%(upstream:remoteref) refs/heads/master refs/remotes/master [2ms]
[2022-10-16T10:26:09.193Z] > git for-each-ref --sort -committerdate --format %(refname) %(objectname) %(*objectname) [7ms]
[2022-10-16T10:26:09.195Z] > git remote --verbose [3ms]
[2022-10-16T10:26:09.237Z] > git config --get commit.template [3ms]
[2022-10-16T10:26:11.078Z] > git show --textconv :modules/dungeons/models/models.py [34ms]
[2022-10-16T10:26:11.086Z] > git ls-files --stage -- /var/lib/odoo/modules/dungeons/models/models.py [10ms]
[2022-10-16T10:26:11.101Z] > git cat-file -s bd423fbf9c725bad05b1f8220e9991593366614b [5ms]
[2022-10-16T10:26:14.268Z] > git status -z -uall [23ms]
[2022-10-16T10:26:14.277Z] > git symbolic-ref --short HEAD [3ms]
[2022-10-16T10:26:14.288Z] > git for-each-ref --format=%(refname)%00%(upstream:short)%00%(objectname)%00%(upstream:track)%00%(upstream:remotename)%00%(upstream:remoteref) refs/heads/master refs/remotes/master [3ms]
[2022-10-16T10:26:14.302Z] > git for-each-ref --sort -committerdate --format %(refname) %(objectname) %(*objectname) [7ms]
[2022-10-16T10:26:14.305Z] > git remote --verbose [3ms]
[2022-10-16T10:26:14.368Z] > git config --get commit.template [3ms]
[2022-10-16T10:26:19.420Z] > git status -z -uall [41ms]
[2022-10-16T10:26:19.448Z] > git symbolic-ref --short HEAD [5ms]
[2022-10-16T10:26:19.477Z] > git for-each-ref --format=%(refname)%00%(upstream:short)%00%(objectname)%00%(upstream:track)%00%(upstream:remotename)%00%(upstream:remoteref) refs/heads/master refs/remotes/master [20ms]
[2022-10-16T10:26:19.492Z] > git for-each-ref --sort -committerdate --format %(refname) %(objectname) %(*objectname) [9ms]
[2022-10-16T10:26:19.495Z] > git remote --verbose [5ms]
[2022-10-16T10:26:19.531Z] > git config --get commit.template [2ms]
[2022-10-16T10:26:24.569Z] > git status -z -uall [23ms]
[2022-10-16T10:26:24.577Z] > git symbolic-ref --short HEAD [3ms]
[2022-10-16T10:26:24.586Z] > git for-each-ref --format=%(refname)%00%(upstream:short)%00%(objectname)%00%(upstream:track)%00%(upstream:remotename)%00%(upstream:remoteref) refs/heads/master refs/remotes/master [3ms]
[2022-10-16T10:26:24.599Z] > git for-each-ref --sort -committerdate --format %(refname) %(objectname) %(*objectname) [7ms]
[2022-10-16T10:26:24.601Z] > git remote --verbose [3ms]
[2022-10-16T10:26:24.646Z] > git config --get commit.template [3ms]
[2022-10-16T10:26:29.741Z] > git status -z -uall [84ms]
[2022-10-16T10:26:29.752Z] > git symbolic-ref --short HEAD [6ms]
[2022-10-16T10:26:29.760Z] > git for-each-ref --format=%(refname)%00%(upstream:short)%00%(objectname)%00%(upstream:track)%00%(upstream:remotename)%00%(upstream:remoteref) refs/heads/master refs/remotes/master [3ms]
[2022-10-16T10:26:29.772Z] > git for-each-ref --sort -committerdate --format %(refname) %(objectname) %(*objectname) [7ms]
[2022-10-16T10:26:29.774Z] > git remote --verbose [3ms]
[2022-10-16T10:26:29.810Z] > git config --get commit.template [3ms]
[2022-10-16T10:29:29.721Z] > git status -z -uall [42ms]
[2022-10-16T10:29:29.733Z] > git symbolic-ref --short HEAD [4ms]
[2022-10-16T10:29:29.740Z] > git for-each-ref --format=%(refname)%00%(upstream:short)%00%(objectname)%00%(upstream:track)%00%(upstream:remotename)%00%(upstream:remoteref) refs/heads/master refs/remotes/master [2ms]
[2022-10-16T10:29:29.756Z] > git for-each-ref --sort -committerdate --format %(refname) %(objectname) %(*objectname) [10ms]
[2022-10-16T10:29:29.759Z] > git remote --verbose [5ms]
[2022-10-16T10:29:29.875Z] > git config --get commit.template [5ms]
[2022-10-16T10:29:34.919Z] > git status -z -uall [30ms]
[2022-10-16T10:29:34.931Z] > git symbolic-ref --short HEAD [4ms]
[2022-10-16T10:29:34.943Z] > git for-each-ref --format=%(refname)%00%(upstream:short)%00%(objectname)%00%(upstream:track)%00%(upstream:remotename)%00%(upstream:remoteref) refs/heads/master refs/remotes/master [3ms]
[2022-10-16T10:29:34.961Z] > git for-each-ref --sort -committerdate --format %(refname) %(objectname) %(*objectname) [11ms]
[2022-10-16T10:29:34.964Z] > git remote --verbose [4ms]
[2022-10-16T10:29:35.031Z] > git config --get commit.template [7ms]
[2022-10-16T10:33:56.857Z] > git status -z -uall [47ms]
[2022-10-16T10:33:56.869Z] > git symbolic-ref --short HEAD [0ms]
[2022-10-16T10:33:56.879Z] > git for-each-ref --format=%(refname)%00%(upstream:short)%00%(objectname)%00%(upstream:track)%00%(upstream:remotename)%00%(upstream:remoteref) refs/heads/master refs/remotes/master [3ms]
[2022-10-16T10:33:56.893Z] > git for-each-ref --sort -committerdate --format %(refname) %(objectname) %(*objectname) [9ms]
[2022-10-16T10:33:56.896Z] > git remote --verbose [6ms]
[2022-10-16T10:33:56.979Z] > git config --get commit.template [9ms]
[2022-10-16T10:34:02.014Z] > git status -z -uall [22ms]
[2022-10-16T10:34:02.022Z] > git symbolic-ref --short HEAD [3ms]
[2022-10-16T10:34:02.030Z] > git for-each-ref --format=%(refname)%00%(upstream:short)%00%(objectname)%00%(upstream:track)%00%(upstream:remotename)%00%(upstream:remoteref) refs/heads/master refs/remotes/master [2ms]
[2022-10-16T10:34:02.042Z] > git for-each-ref --sort -committerdate --format %(refname) %(objectname) %(*objectname) [7ms]
[2022-10-16T10:34:02.044Z] > git remote --verbose [3ms]
[2022-10-16T10:34:02.096Z] > git config --get commit.template [3ms]
[2022-10-16T10:34:07.513Z] > git status -z -uall [83ms]
[2022-10-16T10:34:07.539Z] > git symbolic-ref --short HEAD [4ms]
[2022-10-16T10:34:07.575Z] > git for-each-ref --format=%(refname)%00%(upstream:short)%00%(objectname)%00%(upstream:track)%00%(upstream:remotename)%00%(upstream:remoteref) refs/heads/master refs/remotes/master [28ms]
[2022-10-16T10:34:07.588Z] > git for-each-ref --sort -committerdate --format %(refname) %(objectname) %(*objectname) [8ms]
[2022-10-16T10:34:07.591Z] > git remote --verbose [4ms]
[2022-10-16T10:34:07.652Z] > git config --get commit.template [4ms]
[2022-10-16T10:34:59.505Z] > git status -z -uall [44ms]
[2022-10-16T10:34:59.519Z] > git symbolic-ref --short HEAD [4ms]
[2022-10-16T10:34:59.530Z] > git for-each-ref --format=%(refname)%00%(upstream:short)%00%(objectname)%00%(upstream:track)%00%(upstream:remotename)%00%(upstream:remoteref) refs/heads/master refs/remotes/master [3ms]
[2022-10-16T10:34:59.547Z] > git for-each-ref --sort -committerdate --format %(refname) %(objectname) %(*objectname) [10ms]
[2022-10-16T10:34:59.549Z] > git remote --verbose [3ms]
[2022-10-16T10:34:59.627Z] > git config --get commit.template [7ms]
[2022-10-16T10:35:04.992Z] > git status -z -uall [81ms]
[2022-10-16T10:35:05.026Z] > git symbolic-ref --short HEAD [24ms]
[2022-10-16T10:35:05.038Z] > git for-each-ref --format=%(refname)%00%(upstream:short)%00%(objectname)%00%(upstream:track)%00%(upstream:remotename)%00%(upstream:remoteref) refs/heads/master refs/remotes/master [3ms]
[2022-10-16T10:35:05.052Z] > git for-each-ref --sort -committerdate --format %(refname) %(objectname) %(*objectname) [10ms]
[2022-10-16T10:35:05.055Z] > git remote --verbose [5ms]
[2022-10-16T10:35:05.099Z] > git config --get commit.template [5ms]
[2022-10-16T10:35:33.781Z] > git status -z -uall [44ms]
[2022-10-16T10:35:33.789Z] > git symbolic-ref --short HEAD [2ms]
[2022-10-16T10:35:33.799Z] > git for-each-ref --format=%(refname)%00%(upstream:short)%00%(objectname)%00%(upstream:track)%00%(upstream:remotename)%00%(upstream:remoteref) refs/heads/master refs/remotes/master [3ms]
[2022-10-16T10:35:33.813Z] > git for-each-ref --sort -committerdate --format %(refname) %(objectname) %(*objectname) [10ms]
[2022-10-16T10:35:33.817Z] > git remote --verbose [5ms]
[2022-10-16T10:35:33.893Z] > git config --get commit.template [6ms]
[2022-10-16T10:35:38.929Z] > git status -z -uall [27ms]
[2022-10-16T10:35:38.939Z] > git symbolic-ref --short HEAD [3ms]
[2022-10-16T10:35:38.949Z] > git for-each-ref --format=%(refname)%00%(upstream:short)%00%(objectname)%00%(upstream:track)%00%(upstream:remotename)%00%(upstream:remoteref) refs/heads/master refs/remotes/master [3ms]
[2022-10-16T10:35:38.963Z] > git for-each-ref --sort -committerdate --format %(refname) %(objectname) %(*objectname) [7ms]
[2022-10-16T10:35:38.966Z] > git remote --verbose [4ms]
[2022-10-16T10:35:39.014Z] > git config --get commit.template [7ms]
[2022-10-16T10:35:44.103Z] > git status -z -uall [78ms]
[2022-10-16T10:35:44.113Z] > git symbolic-ref --short HEAD [4ms]
[2022-10-16T10:35:44.121Z] > git for-each-ref --format=%(refname)%00%(upstream:short)%00%(objectname)%00%(upstream:track)%00%(upstream:remotename)%00%(upstream:remoteref) refs/heads/master refs/remotes/master [3ms]
[2022-10-16T10:35:44.135Z] > git for-each-ref --sort -committerdate --format %(refname) %(objectname) %(*objectname) [8ms]
[2022-10-16T10:35:44.137Z] > git remote --verbose [2ms]
[2022-10-16T10:35:44.180Z] > git config --get commit.template [3ms]
[2022-10-16T10:35:49.213Z] > git status -z -uall [21ms]
[2022-10-16T10:35:49.222Z] > git symbolic-ref --short HEAD [3ms]
[2022-10-16T10:35:49.231Z] > git for-each-ref --format=%(refname)%00%(upstream:short)%00%(objectname)%00%(upstream:track)%00%(upstream:remotename)%00%(upstream:remoteref) refs/heads/master refs/remotes/master [3ms]
[2022-10-16T10:35:49.244Z] > git for-each-ref --sort -committerdate --format %(refname) %(objectname) %(*objectname) [7ms]
[2022-10-16T10:35:49.246Z] > git remote --verbose [3ms]
[2022-10-16T10:35:49.294Z] > git config --get commit.template [12ms]
[2022-10-16T10:36:12.676Z] > git status -z -uall [30ms]
[2022-10-16T10:36:12.688Z] > git symbolic-ref --short HEAD [6ms]
[2022-10-16T10:36:12.702Z] > git for-each-ref --format=%(refname)%00%(upstream:short)%00%(objectname)%00%(upstream:track)%00%(upstream:remotename)%00%(upstream:remoteref) refs/heads/master refs/remotes/master [3ms]
[2022-10-16T10:36:12.718Z] > git for-each-ref --sort -committerdate --format %(refname) %(objectname) %(*objectname) [8ms]
[2022-10-16T10:36:12.722Z] > git remote --verbose [5ms]
[2022-10-16T10:36:12.767Z] > git config --get commit.template [3ms]
[2022-10-16T10:36:17.802Z] > git status -z -uall [26ms]
[2022-10-16T10:36:17.810Z] > git symbolic-ref --short HEAD [2ms]
[2022-10-16T10:36:17.819Z] > git for-each-ref --format=%(refname)%00%(upstream:short)%00%(objectname)%00%(upstream:track)%00%(upstream:remotename)%00%(upstream:remoteref) refs/heads/master refs/remotes/master [3ms]
[2022-10-16T10:36:17.831Z] > git for-each-ref --sort -committerdate --format %(refname) %(objectname) %(*objectname) [7ms]
[2022-10-16T10:36:17.833Z] > git remote --verbose [3ms]
[2022-10-16T10:36:17.879Z] > git config --get commit.template [3ms]
[2022-10-16T10:36:22.918Z] > git status -z -uall [26ms]
[2022-10-16T10:36:22.928Z] > git symbolic-ref --short HEAD [3ms]
[2022-10-16T10:36:22.937Z] > git for-each-ref --format=%(refname)%00%(upstream:short)%00%(objectname)%00%(upstream:track)%00%(upstream:remotename)%00%(upstream:remoteref) refs/heads/master refs/remotes/master [3ms]
[2022-10-16T10:36:22.952Z] > git for-each-ref --sort -committerdate --format %(refname) %(objectname) %(*objectname) [9ms]
[2022-10-16T10:36:22.954Z] > git remote --verbose [4ms]
[2022-10-16T10:36:23.018Z] > git config --get commit.template [5ms]
[2022-10-16T10:36:28.076Z] > git status -z -uall [44ms]
[2022-10-16T10:36:28.102Z] > git symbolic-ref --short HEAD [1ms]
[2022-10-16T10:36:28.138Z] > git for-each-ref --format=%(refname)%00%(upstream:short)%00%(objectname)%00%(upstream:track)%00%(upstream:remotename)%00%(upstream:remoteref) refs/heads/master refs/remotes/master [25ms]
[2022-10-16T10:36:28.152Z] > git for-each-ref --sort -committerdate --format %(refname) %(objectname) %(*objectname) [7ms]
[2022-10-16T10:36:28.154Z] > git remote --verbose [3ms]
[2022-10-16T10:36:28.199Z] > git config --get commit.template [3ms]
[2022-10-16T10:36:33.271Z] > git status -z -uall [62ms]
[2022-10-16T10:36:33.280Z] > git symbolic-ref --short HEAD [4ms]
[2022-10-16T10:36:33.288Z] > git for-each-ref --format=%(refname)%00%(upstream:short)%00%(objectname)%00%(upstream:track)%00%(upstream:remotename)%00%(upstream:remoteref) refs/heads/master refs/remotes/master [3ms]
[2022-10-16T10:36:33.301Z] > git for-each-ref --sort -committerdate --format %(refname) %(objectname) %(*objectname) [7ms]
[2022-10-16T10:36:33.303Z] > git remote --verbose [3ms]
[2022-10-16T10:36:33.340Z] > git config --get commit.template [2ms]
[2022-10-16T10:36:38.424Z] > git status -z -uall [74ms]
[2022-10-16T10:36:38.441Z] > git symbolic-ref --short HEAD [11ms]
[2022-10-16T10:36:38.451Z] > git for-each-ref --format=%(refname)%00%(upstream:short)%00%(objectname)%00%(upstream:track)%00%(upstream:remotename)%00%(upstream:remoteref) refs/heads/master refs/remotes/master [2ms]
[2022-10-16T10:36:38.463Z] > git for-each-ref --sort -committerdate --format %(refname) %(objectname) %(*objectname) [7ms]
[2022-10-16T10:36:38.465Z] > git remote --verbose [2ms]
[2022-10-16T10:36:38.510Z] > git config --get commit.template [2ms]
[2022-10-16T10:36:43.546Z] > git status -z -uall [25ms]
[2022-10-16T10:36:43.555Z] > git symbolic-ref --short HEAD [3ms]
[2022-10-16T10:36:43.563Z] > git for-each-ref --format=%(refname)%00%(upstream:short)%00%(objectname)%00%(upstream:track)%00%(upstream:remotename)%00%(upstream:remoteref) refs/heads/master refs/remotes/master [3ms]
[2022-10-16T10:36:43.593Z] > git for-each-ref --sort -committerdate --format %(refname) %(objectname) %(*objectname) [23ms]
[2022-10-16T10:36:43.608Z] > git remote --verbose [32ms]
[2022-10-16T10:36:43.683Z] > git config --get commit.template [24ms]
[2022-10-16T10:37:09.251Z] > git status -z -uall [37ms]
[2022-10-16T10:37:09.263Z] > git symbolic-ref --short HEAD [2ms]
[2022-10-16T10:37:09.274Z] > git for-each-ref --format=%(refname)%00%(upstream:short)%00%(objectname)%00%(upstream:track)%00%(upstream:remotename)%00%(upstream:remoteref) refs/heads/master refs/remotes/master [3ms]
[2022-10-16T10:37:09.294Z] > git for-each-ref --sort -committerdate --format %(refname) %(objectname) %(*objectname) [12ms]
[2022-10-16T10:37:09.297Z] > git remote --verbose [4ms]
[2022-10-16T10:37:09.341Z] > git config --get commit.template [4ms]
[2022-10-16T10:37:14.375Z] > git status -z -uall [22ms]
[2022-10-16T10:37:14.384Z] > git symbolic-ref --short HEAD [3ms]
[2022-10-16T10:37:14.392Z] > git for-each-ref --format=%(refname)%00%(upstream:short)%00%(objectname)%00%(upstream:track)%00%(upstream:remotename)%00%(upstream:remoteref) refs/heads/master refs/remotes/master [2ms]
[2022-10-16T10:37:14.405Z] > git for-each-ref --sort -committerdate --format %(refname) %(objectname) %(*objectname) [7ms]
[2022-10-16T10:37:14.407Z] > git remote --verbose [3ms]
[2022-10-16T10:37:14.454Z] > git config --get commit.template [3ms]
[2022-10-16T10:37:19.500Z] > git status -z -uall [35ms]
[2022-10-16T10:37:19.510Z] > git symbolic-ref --short HEAD [4ms]
[2022-10-16T10:37:19.520Z] > git for-each-ref --format=%(refname)%00%(upstream:short)%00%(objectname)%00%(upstream:track)%00%(upstream:remotename)%00%(upstream:remoteref) refs/heads/master refs/remotes/master [3ms]
[2022-10-16T10:37:19.538Z] > git for-each-ref --sort -committerdate --format %(refname) %(objectname) %(*objectname) [10ms]
[2022-10-16T10:37:19.540Z] > git remote --verbose [3ms]
[2022-10-16T10:37:19.588Z] > git config --get commit.template [10ms]
[2022-10-16T10:37:24.625Z] > git status -z -uall [24ms]
[2022-10-16T10:37:24.636Z] > git symbolic-ref --short HEAD [3ms]
[2022-10-16T10:37:24.645Z] > git for-each-ref --format=%(refname)%00%(upstream:short)%00%(objectname)%00%(upstream:track)%00%(upstream:remotename)%00%(upstream:remoteref) refs/heads/master refs/remotes/master [3ms]
[2022-10-16T10:37:24.662Z] > git for-each-ref --sort -committerdate --format %(refname) %(objectname) %(*objectname) [10ms]
[2022-10-16T10:37:24.664Z] > git remote --verbose [4ms]
[2022-10-16T10:37:24.708Z] > git config --get commit.template [3ms]
[2022-10-16T10:37:29.776Z] > git status -z -uall [56ms]
[2022-10-16T10:37:29.801Z] > git symbolic-ref --short HEAD [19ms]
[2022-10-16T10:37:29.810Z] > git for-each-ref --format=%(refname)%00%(upstream:short)%00%(objectname)%00%(upstream:track)%00%(upstream:remotename)%00%(upstream:remoteref) refs/heads/master refs/remotes/master [3ms]
[2022-10-16T10:37:29.823Z] > git for-each-ref --sort -committerdate --format %(refname) %(objectname) %(*objectname) [8ms]
[2022-10-16T10:37:29.826Z] > git remote --verbose [4ms]
[2022-10-16T10:37:29.869Z] > git config --get commit.template [2ms]
[2022-10-16T10:37:52.701Z] > git status -z -uall [66ms]
[2022-10-16T10:37:52.759Z] > git symbolic-ref --short HEAD [26ms]
[2022-10-16T10:37:52.771Z] > git for-each-ref --format=%(refname)%00%(upstream:short)%00%(objectname)%00%(upstream:track)%00%(upstream:remotename)%00%(upstream:remoteref) refs/heads/master refs/remotes/master [6ms]
[2022-10-16T10:37:52.786Z] > git for-each-ref --sort -committerdate --format %(refname) %(objectname) %(*objectname) [9ms]
[2022-10-16T10:37:52.788Z] > git remote --verbose [3ms]
[2022-10-16T10:37:52.862Z] > git config --get commit.template [5ms]
[2022-10-16T10:39:11.005Z] > git status -z -uall [34ms]
[2022-10-16T10:39:11.017Z] > git symbolic-ref --short HEAD [3ms]
[2022-10-16T10:39:11.025Z] > git for-each-ref --format=%(refname)%00%(upstream:short)%00%(objectname)%00%(upstream:track)%00%(upstream:remotename)%00%(upstream:remoteref) refs/heads/master refs/remotes/master [2ms]
[2022-10-16T10:39:11.038Z] > git for-each-ref --sort -committerdate --format %(refname) %(objectname) %(*objectname) [7ms]
[2022-10-16T10:39:11.040Z] > git remote --verbose [3ms]
[2022-10-16T10:39:11.110Z] > git config --get commit.template [6ms]
[2022-10-16T10:39:16.149Z] > git status -z -uall [25ms]
[2022-10-16T10:39:16.157Z] > git symbolic-ref --short HEAD [3ms]
[2022-10-16T10:39:16.166Z] > git for-each-ref --format=%(refname)%00%(upstream:short)%00%(objectname)%00%(upstream:track)%00%(upstream:remotename)%00%(upstream:remoteref) refs/heads/master refs/remotes/master [3ms]
[2022-10-16T10:39:16.179Z] > git for-each-ref --sort -committerdate --format %(refname) %(objectname) %(*objectname) [8ms]
[2022-10-16T10:39:16.182Z] > git remote --verbose [3ms]
[2022-10-16T10:39:16.232Z] > git config --get commit.template [8ms]
[2022-10-16T10:39:21.272Z] > git status -z -uall [27ms]
[2022-10-16T10:39:21.282Z] > git symbolic-ref --short HEAD [3ms]
[2022-10-16T10:39:21.290Z] > git for-each-ref --format=%(refname)%00%(upstream:short)%00%(objectname)%00%(upstream:track)%00%(upstream:remotename)%00%(upstream:remoteref) refs/heads/master refs/remotes/master [2ms]
[2022-10-16T10:39:21.304Z] > git for-each-ref --sort -committerdate --format %(refname) %(objectname) %(*objectname) [9ms]
[2022-10-16T10:39:21.306Z] > git remote --verbose [2ms]
[2022-10-16T10:39:21.343Z] > git config --get commit.template [2ms]
[2022-10-16T10:39:26.416Z] > git status -z -uall [61ms]
[2022-10-16T10:39:26.451Z] > git symbolic-ref --short HEAD [21ms]
[2022-10-16T10:39:26.462Z] > git for-each-ref --format=%(refname)%00%(upstream:short)%00%(objectname)%00%(upstream:track)%00%(upstream:remotename)%00%(upstream:remoteref) refs/heads/master refs/remotes/master [3ms]
[2022-10-16T10:39:26.474Z] > git for-each-ref --sort -committerdate --format %(refname) %(objectname) %(*objectname) [8ms]
[2022-10-16T10:39:26.476Z] > git remote --verbose [3ms]
[2022-10-16T10:39:26.522Z] > git config --get commit.template [2ms]
[2022-10-16T10:39:31.604Z] > git status -z -uall [69ms]
[2022-10-16T10:39:31.613Z] > git symbolic-ref --short HEAD [3ms]
[2022-10-16T10:39:31.623Z] > git for-each-ref --format=%(refname)%00%(upstream:short)%00%(objectname)%00%(upstream:track)%00%(upstream:remotename)%00%(upstream:remoteref) refs/heads/master refs/remotes/master [2ms]
[2022-10-16T10:39:31.637Z] > git for-each-ref --sort -committerdate --format %(refname) %(objectname) %(*objectname) [8ms]
[2022-10-16T10:39:31.639Z] > git remote --verbose [3ms]
[2022-10-16T10:39:31.677Z] > git config --get commit.template [2ms]
[2022-10-16T10:39:36.753Z] > git status -z -uall [62ms]
[2022-10-16T10:39:36.787Z] > git symbolic-ref --short HEAD [19ms]
[2022-10-16T10:39:36.799Z] > git for-each-ref --format=%(refname)%00%(upstream:short)%00%(objectname)%00%(upstream:track)%00%(upstream:remotename)%00%(upstream:remoteref) refs/heads/master refs/remotes/master [5ms]
[2022-10-16T10:39:36.813Z] > git for-each-ref --sort -committerdate --format %(refname) %(objectname) %(*objectname) [7ms]
[2022-10-16T10:39:36.816Z] > git remote --verbose [4ms]
[2022-10-16T10:39:36.859Z] > git config --get commit.template [2ms]
[2022-10-16T10:39:41.896Z] > git status -z -uall [22ms]
[2022-10-16T10:39:41.904Z] > git symbolic-ref --short HEAD [3ms]
[2022-10-16T10:39:41.913Z] > git for-each-ref --format=%(refname)%00%(upstream:short)%00%(objectname)%00%(upstream:track)%00%(upstream:remotename)%00%(upstream:remoteref) refs/heads/master refs/remotes/master [3ms]
[2022-10-16T10:39:41.944Z] > git for-each-ref --sort -committerdate --format %(refname) %(objectname) %(*objectname) [26ms]
[2022-10-16T10:39:41.979Z] > git remote --verbose [54ms]
[2022-10-16T10:39:42.015Z] > git config --get commit.template [3ms]
[2022-10-16T10:39:47.137Z] > git status -z -uall [111ms]
[2022-10-16T10:39:47.153Z] > git symbolic-ref --short HEAD [7ms]
[2022-10-16T10:39:47.168Z] > git for-each-ref --format=%(refname)%00%(upstream:short)%00%(objectname)%00%(upstream:track)%00%(upstream:remotename)%00%(upstream:remoteref) refs/heads/master refs/remotes/master [6ms]
[2022-10-16T10:39:47.186Z] > git for-each-ref --sort -committerdate --format %(refname) %(objectname) %(*objectname) [9ms]
[2022-10-16T10:39:47.193Z] > git remote --verbose [7ms]
[2022-10-16T10:39:47.276Z] > git config --get commit.template [6ms]
[2022-10-16T10:39:52.352Z] > git status -z -uall [66ms]
[2022-10-16T10:39:52.386Z] > git symbolic-ref --short HEAD [17ms]
[2022-10-16T10:39:52.400Z] > git for-each-ref --format=%(refname)%00%(upstream:short)%00%(objectname)%00%(upstream:track)%00%(upstream:remotename)%00%(upstream:remoteref) refs/heads/master refs/remotes/master [7ms]
[2022-10-16T10:39:52.412Z] > git for-each-ref --sort -committerdate --format %(refname) %(objectname) %(*objectname) [7ms]
[2022-10-16T10:39:52.414Z] > git remote --verbose [3ms]
[2022-10-16T10:39:52.476Z] > git config --get commit.template [2ms]
[2022-10-16T10:39:53.056Z] > git ls-files --stage -- /var/lib/odoo/modules/dungeons/models/models.py [4ms]
[2022-10-16T10:39:53.065Z] > git cat-file -s bd423fbf9c725bad05b1f8220e9991593366614b [3ms]
[2022-10-16T10:39:53.085Z] > git show --textconv :modules/dungeons/models/models.py [4ms]
[2022-10-16T10:39:57.550Z] > git status -z -uall [63ms]
[2022-10-16T10:39:57.582Z] > git symbolic-ref --short HEAD [18ms]
[2022-10-16T10:39:57.594Z] > git for-each-ref --format=%(refname)%00%(upstream:short)%00%(objectname)%00%(upstream:track)%00%(upstream:remotename)%00%(upstream:remoteref) refs/heads/master refs/remotes/master [4ms]
[2022-10-16T10:39:57.608Z] > git for-each-ref --sort -committerdate --format %(refname) %(objectname) %(*objectname) [8ms]
[2022-10-16T10:39:57.610Z] > git remote --verbose [3ms]
[2022-10-16T10:39:57.666Z] > git config --get commit.template [3ms]
[2022-10-16T10:40:04.276Z] > git status -z -uall [30ms]
[2022-10-16T10:40:04.285Z] > git symbolic-ref --short HEAD [2ms]
[2022-10-16T10:40:04.293Z] > git for-each-ref --format=%(refname)%00%(upstream:short)%00%(objectname)%00%(upstream:track)%00%(upstream:remotename)%00%(upstream:remoteref) refs/heads/master refs/remotes/master [2ms]
[2022-10-16T10:40:04.308Z] > git for-each-ref --sort -committerdate --format %(refname) %(objectname) %(*objectname) [7ms]
[2022-10-16T10:40:04.310Z] > git remote --verbose [3ms]
[2022-10-16T10:40:04.364Z] > git config --get commit.template [23ms]
[2022-10-16T10:40:09.423Z] > git status -z -uall [45ms]
[2022-10-16T10:40:09.439Z] > git symbolic-ref --short HEAD [4ms]
[2022-10-16T10:40:09.449Z] > git for-each-ref --format=%(refname)%00%(upstream:short)%00%(objectname)%00%(upstream:track)%00%(upstream:remotename)%00%(upstream:remoteref) refs/heads/master refs/remotes/master [2ms]
[2022-10-16T10:40:09.468Z] > git for-each-ref --sort -committerdate --format %(refname) %(objectname) %(*objectname) [10ms]
[2022-10-16T10:40:09.471Z] > git remote --verbose [5ms]
[2022-10-16T10:40:09.517Z] > git config --get commit.template [3ms]
[2022-10-16T10:40:14.605Z] > git status -z -uall [70ms]
[2022-10-16T10:40:14.617Z] > git symbolic-ref --short HEAD [1ms]
[2022-10-16T10:40:14.644Z] > git for-each-ref --format=%(refname)%00%(upstream:short)%00%(objectname)%00%(upstream:track)%00%(upstream:remotename)%00%(upstream:remoteref) refs/heads/master refs/remotes/master [20ms]
[2022-10-16T10:40:14.660Z] > git for-each-ref --sort -committerdate --format %(refname) %(objectname) %(*objectname) [8ms]
[2022-10-16T10:40:14.663Z] > git remote --verbose [4ms]
[2022-10-16T10:40:14.709Z] > git config --get commit.template [3ms]
