Oct 17, 2022 8:01:08 AM org.eclipse.lemminx.XMLLanguageServer initialize
INFO: Initializing XML Language server
LemMinX Server info:
 - Version : 0.21.0
 - Native Image
 - VM Version : 17.0.2
 - Git [Branch 183b1860592c3637a544d21934445291c01f4f32] 183b186 - [maven-release-plugin] prepare release 0.21.0
Oct 17, 2022 8:01:32 AM org.eclipse.lsp4j.jsonrpc.RemoteEndpoint handleCancellation
WARNING: Unmatched cancel notification for request id 59
Oct 17, 2022 8:08:35 AM org.eclipse.lsp4j.jsonrpc.RemoteEndpoint handleCancellation
WARNING: Unmatched cancel notification for request id 491
Oct 17, 2022 8:11:23 AM org.eclipse.lsp4j.jsonrpc.RemoteEndpoint handleCancellation
WARNING: Unmatched cancel notification for request id 676
Oct 17, 2022 8:14:24 AM org.eclipse.lsp4j.jsonrpc.RemoteEndpoint handleCancellation
WARNING: Unmatched cancel notification for request id 1083
Oct 17, 2022 8:22:36 AM org.eclipse.lsp4j.jsonrpc.RemoteEndpoint handleCancellation
WARNING: Unmatched cancel notification for request id 1537
Oct 17, 2022 8:23:56 AM org.eclipse.lsp4j.jsonrpc.RemoteEndpoint handleCancellation
WARNING: Unmatched cancel notification for request id 1571
Oct 17, 2022 4:47:00 PM org.eclipse.lemminx.XMLLanguageServer initialize
INFO: Initializing XML Language server
LemMinX Server info:
 - Version : 0.21.0
 - Native Image
 - VM Version : 17.0.2
 - Git [Branch 183b1860592c3637a544d21934445291c01f4f32] 183b186 - [maven-release-plugin] prepare release 0.21.0
Oct 17, 2022 4:50:08 PM org.eclipse.lsp4j.jsonrpc.RemoteEndpoint handleCancellation
WARNING: Unmatched cancel notification for request id 71
Oct 17, 2022 4:55:59 PM org.eclipse.lsp4j.jsonrpc.RemoteEndpoint handleCancellation
WARNING: Unmatched cancel notification for request id 336
Oct 17, 2022 2:59:23 PM org.eclipse.lsp4j.jsonrpc.RemoteEndpoint handleCancellation
WARNING: Unmatched cancel notification for request id 741
Oct 17, 2022 3:01:35 PM org.eclipse.lsp4j.jsonrpc.RemoteEndpoint handleCancellation
WARNING: Unmatched cancel notification for request id 995
Oct 18, 2022 9:11:52 AM org.eclipse.lemminx.XMLLanguageServer initialize
INFO: Initializing XML Language server
LemMinX Server info:
 - Version : 0.21.0
 - Native Image
 - VM Version : 17.0.2
 - Git [Branch 183b1860592c3637a544d21934445291c01f4f32] 183b186 - [maven-release-plugin] prepare release 0.21.0
Oct 18, 2022 9:47:46 AM org.eclipse.lsp4j.jsonrpc.RemoteEndpoint handleCancellation
WARNING: Unmatched cancel notification for request id 20
Oct 18, 2022 9:48:17 AM org.eclipse.lsp4j.jsonrpc.RemoteEndpoint handleCancellation
WARNING: Unmatched cancel notification for request id 74
Oct 18, 2022 9:48:38 AM org.eclipse.lsp4j.jsonrpc.RemoteEndpoint handleCancellation
WARNING: Unmatched cancel notification for request id 134
Oct 18, 2022 10:10:55 AM org.eclipse.lsp4j.jsonrpc.RemoteEndpoint handleCancellation
WARNING: Unmatched cancel notification for request id 801
Oct 18, 2022 10:59:11 AM org.eclipse.lsp4j.jsonrpc.RemoteEndpoint handleCancellation
WARNING: Unmatched cancel notification for request id 1324
Oct 18, 2022 4:52:58 PM org.eclipse.lemminx.XMLLanguageServer initialize
INFO: Initializing XML Language server
LemMinX Server info:
 - Version : 0.21.0
 - Native Image
 - VM Version : 17.0.2
 - Git [Branch 183b1860592c3637a544d21934445291c01f4f32] 183b186 - [maven-release-plugin] prepare release 0.21.0
Oct 18, 2022 3:00:52 PM org.eclipse.lsp4j.jsonrpc.RemoteEndpoint handleCancellation
WARNING: Unmatched cancel notification for request id 115
Oct 18, 2022 3:01:35 PM org.eclipse.lsp4j.jsonrpc.RemoteEndpoint handleCancellation
WARNING: Unmatched cancel notification for request id 173
Oct 18, 2022 3:02:27 PM org.eclipse.lsp4j.jsonrpc.RemoteEndpoint handleCancellation
WARNING: Unmatched cancel notification for request id 179
Oct 18, 2022 3:11:15 PM org.eclipse.lsp4j.jsonrpc.RemoteEndpoint handleCancellation
WARNING: Unmatched cancel notification for request id 628
